0 info it worked if it ends with ok
1 verbose cli [ '/home/hines/node/node-v5.5.0-linux-x64/bin/node',
1 verbose cli   '/home/hines/node/node-v5.5.0-linux-x64/bin/npm',
1 verbose cli   'run',
1 verbose cli   'electron' ]
2 info using npm@3.3.12
3 info using node@v5.5.0
4 verbose stack Error: missing script: electron
4 verbose stack     at run (/home/hines/node/node-v5.5.0-linux-x64/lib/node_modules/npm/lib/run-script.js:147:19)
4 verbose stack     at /home/hines/node/node-v5.5.0-linux-x64/lib/node_modules/npm/lib/run-script.js:57:5
4 verbose stack     at /home/hines/node/node-v5.5.0-linux-x64/lib/node_modules/npm/node_modules/read-package-json/read-json.js:345:5
4 verbose stack     at checkBinReferences_ (/home/hines/node/node-v5.5.0-linux-x64/lib/node_modules/npm/node_modules/read-package-json/read-json.js:309:45)
4 verbose stack     at final (/home/hines/node/node-v5.5.0-linux-x64/lib/node_modules/npm/node_modules/read-package-json/read-json.js:343:3)
4 verbose stack     at then (/home/hines/node/node-v5.5.0-linux-x64/lib/node_modules/npm/node_modules/read-package-json/read-json.js:113:5)
4 verbose stack     at ReadFileContext.<anonymous> (/home/hines/node/node-v5.5.0-linux-x64/lib/node_modules/npm/node_modules/read-package-json/read-json.js:284:20)
4 verbose stack     at ReadFileContext.callback (/home/hines/node/node-v5.5.0-linux-x64/lib/node_modules/npm/node_modules/graceful-fs/graceful-fs.js:76:16)
4 verbose stack     at FSReqWrap.readFileAfterOpen [as oncomplete] (fs.js:324:13)
5 verbose cwd /home/hines/electron_angular2/app
6 error Linux 3.16.0-53-generic
7 error argv "/home/hines/node/node-v5.5.0-linux-x64/bin/node" "/home/hines/node/node-v5.5.0-linux-x64/bin/npm" "run" "electron"
8 error node v5.5.0
9 error npm  v3.3.12
10 error missing script: electron
11 error If you need help, you may report this error at:
11 error     <https://github.com/npm/npm/issues>
12 verbose exit [ 1, true ]
